<?xml version="1.0" encoding="UTF-8"?>
<testng-results ignored="0" total="1" passed="1" failed="0" skipped="0">
  <reporter-output>
  </reporter-output>
  <suite started-at="2023-06-21T11:38:00 IST" name="Suite" finished-at="2023-06-21T11:41:25 IST" duration-ms="205326">
    <groups>
    </groups>
    <test started-at="2023-06-21T11:38:00 IST" name="Test" finished-at="2023-06-21T11:41:25 IST" duration-ms="205326">
      <class name="frameTest.Test_1">
        <test-method is-config="true" signature="setup()[pri:0, instance:frameTest.Test_1@248e319b]" started-at="2023-06-21T11:38:00 IST" name="setup" finished-at="2023-06-21T11:38:28 IST" duration-ms="28525" status="PASS">
          <reporter-output>
          </reporter-output>
        </test-method> <!-- setup -->
        <test-method signature="test12()[pri:0, instance:frameTest.Test_1@248e319b]" started-at="2023-06-21T11:38:28 IST" name="test12" finished-at="2023-06-21T11:41:25 IST" duration-ms="176691" status="PASS">
          <reporter-output>
          </reporter-output>
        </test-method> <!-- test12 -->
      </class> <!-- frameTest.Test_1 -->
    </test> <!-- Test -->
  </suite> <!-- Suite -->
</testng-results>
